f:\leetcode\mycode\debug\vc120.pdb
f:\leetcode\mycode\debug\vc120.idb
f:\leetcode\mycode\debug\3.lengthoflongestsubstring.obj
f:\leetcode\mycode\debug\11. container with most water .obj
f:\leetcode\mycode\debug\15.3sum.obj
f:\leetcode\mycode\debug\16. 3sum closest .obj
f:\leetcode\mycode\debug\17. letter combinations of a phone number .obj
f:\leetcode\mycode\debug\18. 4sum.obj
f:\leetcode\mycode\debug\19. remove nth node from end of list .obj
f:\leetcode\mycode\debug\20. valid parentheses .obj
f:\leetcode\mycode\debug\22. generate parentheses.obj
f:\leetcode\mycode\debug\8.atoi.obj
f:\leetcode\mycode\debug\5.longest palindromic substring.obj
f:\leetcode\mycode\debug\4.median of two sorted arrays .obj
f:\leetcode\mycode\debug\9.palindrome number.obj
f:\leetcode\mycode\debug\10.regular expression matching .obj
f:\leetcode\mycode\debug\7.reverse integer .obj
f:\leetcode\mycode\debug\6.zigzag conversion.obj
f:\leetcode\mycode\debug\12.integer to roman.obj
f:\leetcode\mycode\debug\14.longest common prefix .obj
f:\leetcode\mycode\debug\main.obj
f:\leetcode\mycode\debug\13.roman to integer.obj
e:\mytest\project1\debug\mycode.ilk
e:\mytest\project1\debug\mycode.exe
e:\mytest\project1\debug\mycode.pdb
f:\leetcode\mycode\debug\mycode.tlog\cl.command.1.tlog
f:\leetcode\mycode\debug\mycode.tlog\cl.read.1.tlog
f:\leetcode\mycode\debug\mycode.tlog\cl.write.1.tlog
f:\leetcode\mycode\debug\mycode.tlog\link.command.1.tlog
f:\leetcode\mycode\debug\mycode.tlog\link.read.1.tlog
f:\leetcode\mycode\debug\mycode.tlog\link.write.1.tlog
