生成启动时间为 2015/4/14 21:18:11。
     1>项目“F:\LeetCode\MyCode\MyCode.vcxproj”在节点 3 上(Rebuild 个目标)。
     1>ClCompile:
         D:\Program Files (x86)\Microsoft Visual Studio 12.0\VC\bin\CL.exe /c /ZI /nologo /W3 /WX- /sdl /Od /Oy- /D _MBCS /Gm /EHsc /RTC1 /MDd /GS /fp:precise /Zc:wchar_t /Zc:forScope /Fo"Debug\\" /Fd"Debug\vc120.pdb" /Gd /TP /analyze- /errorReport:prompt "..\..\课程\LeetCode\3.lengthOfLongestSubstring.cpp" "11. Container With Most Water .cpp" 15.3Sum.cpp "16. 3Sum Closest .cpp" "17. Letter Combinations of a Phone Number .cpp" "18. 4Sum.cpp" "19. Remove Nth Node From End of List .cpp" "20. Valid Parentheses .cpp" "22. Generate Parentheses.cpp" 8.atoi.cpp "5.Longest Palindromic Substring.cpp" "4.Median of Two Sorted Arrays .cpp" "9.Palindrome Number.cpp" "10.Regular Expression Matching .cpp" "7.Reverse Integer .cpp" "6.ZigZag Conversion.cpp" "12.Integer to Roman.cpp" "14.Longest Common Prefix .cpp" main.cpp "13.Roman to Integer.cpp"
         13.Roman to Integer.cpp
         main.cpp
         14.Longest Common Prefix .cpp
         12.Integer to Roman.cpp
         6.ZigZag Conversion.cpp
         7.Reverse Integer .cpp
         10.Regular Expression Matching .cpp
         9.Palindrome Number.cpp
         4.Median of Two Sorted Arrays .cpp
         5.Longest Palindromic Substring.cpp
         8.atoi.cpp
         22. Generate Parentheses.cpp
         20. Valid Parentheses .cpp
         19. Remove Nth Node From End of List .cpp
         18. 4Sum.cpp
         17. Letter Combinations of a Phone Number .cpp
         16. 3Sum Closest .cpp
         15.3Sum.cpp
         11. Container With Most Water .cpp
         3.lengthOfLongestSubstring.cpp
         正在生成代码...
       Link:
         D:\Program Files (x86)\Microsoft Visual Studio 12.0\VC\bin\link.exe /ERRORREPORT:PROMPT /OUT:"E:\MyTest\Project1\Debug\MyCode.exe" /INCREMENTAL /NOLOGO opencv_calib3d2410d.lib opencv_contrib2410d.lib opencv_core2410d.lib opencv_features2d2410d.lib opencv_flann2410d.lib opencv_gpu2410d.lib opencv_highgui2410d.lib opencv_imgproc2410d.lib opencv_legacy2410d.lib opencv_ml2410d.lib opencv_nonfree2410d.lib opencv_objdetect2410d.lib opencv_ocl2410d.lib opencv_photo2410d.lib opencv_stitching2410d.lib opencv_superres2410d.lib opencv_ts2410d.lib opencv_video2410d.lib opencv_videostab2410d.lib kernel32.lib user32.lib gdi32.lib winspool.lib comdlg32.lib advapi32.lib shell32.lib ole32.lib oleaut32.lib uuid.lib odbc32.lib odbccp32.lib /MANIFEST /MANIFESTUAC:"level='asInvoker' uiAccess='false'" /manifest:embed /DEBUG /PDB:"E:\MyTest\Project1\Debug\MyCode.pdb" /TLBID:1 /DYNAMICBASE /NXCOMPAT /IMPLIB:"E:\MyTest\Project1\Debug\MyCode.lib" /MACHINE:X86 Debug\3.lengthOfLongestSubstring.obj
         "Debug\11. Container With Most Water .obj"
         Debug\15.3Sum.obj
         "Debug\16. 3Sum Closest .obj"
         "Debug\17. Letter Combinations of a Phone Number .obj"
         "Debug\18. 4Sum.obj"
         "Debug\19. Remove Nth Node From End of List .obj"
         "Debug\20. Valid Parentheses .obj"
         "Debug\22. Generate Parentheses.obj"
         Debug\8.atoi.obj
         "Debug\5.Longest Palindromic Substring.obj"
         "Debug\4.Median of Two Sorted Arrays .obj"
         "Debug\9.Palindrome Number.obj"
         "Debug\10.Regular Expression Matching .obj"
         "Debug\7.Reverse Integer .obj"
         "Debug\6.ZigZag Conversion.obj"
         "Debug\12.Integer to Roman.obj"
         "Debug\14.Longest Common Prefix .obj"
         Debug\main.obj
         "Debug\13.Roman to Integer.obj"
         MyCode.vcxproj -> E:\MyTest\Project1\Debug\MyCode.exe
     1>已完成生成项目“F:\LeetCode\MyCode\MyCode.vcxproj”(Rebuild 个目标)的操作。

生成成功。

已用时间 00:00:02.38
